<?xml version="1.0" encoding="UTF-8"?>
<Site BuildName="Linux-g++"
	BuildStamp="20240511-1555-Experimental"
	Name="kasper-Surface-Laptop-2"
	Generator="ctest-3.22.1"
	CompilerName="/usr/bin/g++"
	CompilerVersion="11.4.0"
	OSName="Linux"
	Hostname="kasper-Surface-Laptop-2"
	OSRelease="6.7.2-surface-1"
	OSVersion="#1 SMP PREEMPT_DYNAMIC Tue Jan 30 00:35:58 UTC 2024"
	OSPlatform="x86_64"
	Is64Bits="1"
	VendorString="GenuineIntel"
	VendorID="Intel Corporation"
	FamilyID="6"
	ModelID="142"
	ProcessorCacheSize="8192"
	NumberOfLogicalCPU="8"
	NumberOfPhysicalCPU="4"
	TotalVirtualMemory="2047"
	TotalPhysicalMemory="15921"
	LogicalProcessorsPerPhysical="2"
	ProcessorClockFrequency="2805.06"
	>
	<Testing>
		<StartDateTime>May 11 18:04 CEST</StartDateTime>
		<StartTestTime>1715443486</StartTestTime>
		<TestList/>
		<EndDateTime>May 11 18:04 CEST</EndDateTime>
		<EndTestTime>1715443486</EndTestTime>
		<ElapsedMinutes>0</ElapsedMinutes>
	</Testing>
</Site>
